Using pre-set license
Built from '2021.3/staging' branch; Version is '2021.3.11f1 (0a5ca18544bf) revision 679073'; Using compiler version '192829333'; Build Type 'Release'
OS: 'Windows 11  (10.0.22000) 64bit Core' Language: 'en' Physical Memory: 16088 MB
BatchMode: 1, IsHumanControllingUs: 0, StartBugReporterOnCrash: 0, Is64bit: 1, IsPro: 1

COMMAND LINE ARGUMENTS:
C:\Program Files\Unity 2021.3.11f1\Editor\Unity.exe
-adb2
-batchMode
-noUpm
-name
AssetImportWorker1
-projectPath
C:/Users/funny/OneDrive/מסמכים/GitHub/GGJ23-Magnivim/Shampo
-logFile
Logs/AssetImportWorker1.log
-srvPort
54132
Successfully changed project path to: C:/Users/funny/OneDrive/מסמכים/GitHub/GGJ23-Magnivim/Shampo
C:/Users/funny/OneDrive/מסמכים/GitHub/GGJ23-Magnivim/Shampo
[UnityMemory] Configuration Parameters - Can be set up in boot.config
    "memorysetup-bucket-allocator-granularity=16"
    "memorysetup-bucket-allocator-bucket-count=8"
    "memorysetup-bucket-allocator-block-size=33554432"
    "memorysetup-bucket-allocator-block-count=8"
    "memorysetup-main-allocator-block-size=16777216"
    "memorysetup-thread-allocator-block-size=16777216"
    "memorysetup-gfx-main-allocator-block-size=16777216"
    "memorysetup-gfx-thread-allocator-block-size=16777216"
    "memorysetup-cache-allocator-block-size=4194304"
    "memorysetup-typetree-allocator-block-size=2097152"
    "memorysetup-profiler-bucket-allocator-granularity=16"
    "memorysetup-profiler-bucket-allocator-bucket-count=8"
    "memorysetup-profiler-bucket-allocator-block-size=33554432"
    "memorysetup-profiler-bucket-allocator-block-count=8"
    "memorysetup-profiler-allocator-block-size=16777216"
    "memorysetup-profiler-editor-allocator-block-size=1048576"
    "memorysetup-temp-allocator-size-main=16777216"
    "memorysetup-job-temp-allocator-block-size=2097152"
    "memorysetup-job-temp-allocator-block-size-background=1048576"
    "memorysetup-job-temp-allocator-reduction-small-platforms=262144"
    "memorysetup-temp-allocator-size-background-worker=32768"
    "memorysetup-temp-allocator-size-job-worker=262144"
    "memorysetup-temp-allocator-size-preload-manager=33554432"
    "memorysetup-temp-allocator-size-nav-mesh-worker=65536"
    "memorysetup-temp-allocator-size-audio-worker=65536"
    "memorysetup-temp-allocator-size-cloud-worker=32768"
    "memorysetup-temp-allocator-size-gi-baking-worker=262144"
    "memorysetup-temp-allocator-size-gfx=262144"
Refreshing native plugins compatible for Editor in 60.42 ms, found 4 plugins.
Preloading 0 native plugins for Editor in 0.00 ms.
Initialize engine version: 2021.3.11f1 (0a5ca18544bf)
[Subsystems] Discovering subsystems at path C:/Program Files/Unity 2021.3.11f1/Editor/Data/Resources/UnitySubsystems
[Subsystems] Discovering subsystems at path C:/Users/funny/OneDrive/מסמכים/GitHub/GGJ23-Magnivim/Shampo/Assets
GfxDevice: creating device client; threaded=0; jobified=0
Direct3D:
    Version:  Direct3D 11.0 [level 11.1]
    Renderer: NVIDIA GeForce RTX 3060 Laptop GPU (ID=0x2520)
    Vendor:   NVIDIA
    VRAM:     6023 MB
    Driver:   31.0.15.2225
Initialize mono
Mono path[0] = 'C:/Program Files/Unity 2021.3.11f1/Editor/Data/Managed'
Mono path[1] = 'C:/Program Files/Unity 2021.3.11f1/Editor/Data/MonoBleedingEdge/lib/mono/unityjit-win32'
Mono config path = 'C:/Program Files/Unity 2021.3.11f1/Editor/Data/MonoBleedingEdge/etc'
Using monoOptions --debugger-agent=transport=dt_socket,embedding=1,server=y,suspend=n,address=127.0.0.1:56672
Begin MonoManager ReloadAssembly
Registering precompiled unity dll's ...
Register platform support module: C:/Program Files/Unity 2021.3.11f1/Editor/Data/PlaybackEngines/WindowsStandaloneSupport/UnityEditor.WindowsStandalone.Extensions.dll
Registered in 0.002172 seconds.
Native extension for WindowsStandalone target not found
Refreshing native plugins compatible for Editor in 59.57 ms, found 4 plugins.
Preloading 0 native plugins for Editor in 0.00 ms.
Mono: successfully reloaded assembly
- Completed reload, in  0.558 seconds
Domain Reload Profiling:
	ReloadAssembly (558ms)
		BeginReloadAssembly (74ms)
			ExecutionOrderSort (0ms)
			DisableScriptedObjects (0ms)
			BackupInstance (0ms)
			ReleaseScriptingObjects (0ms)
			CreateAndSetChildDomain (0ms)
		EndReloadAssembly (386ms)
			LoadAssemblies (74ms)
			RebuildTransferFunctionScriptingTraits (0ms)
			SetupTypeCache (95ms)
			ReleaseScriptCaches (0ms)
			RebuildScriptCaches (25ms)
			SetupLoadedEditorAssemblies (217ms)
				LogAssemblyErrors (0ms)
				InitializePlatformSupportModulesInManaged (6ms)
				SetLoadedEditorAssemblies (0ms)
				RefreshPlugins (60ms)
				BeforeProcessingInitializeOnLoad (1ms)
				ProcessInitializeOnLoadAttributes (113ms)
				ProcessInitializeOnLoadMethodAttributes (38ms)
				AfterProcessingInitializeOnLoad (0ms)
				EditorAssembliesLoaded (0ms)
			ExecutionOrderSort2 (0ms)
			AwakeInstancesAfterBackupRestoration (0ms)
Platform modules already initialized, skipping
Registering precompiled user dll's ...
Registered in 0.003493 seconds.
Begin MonoManager ReloadAssembly
Symbol file LoadedFromMemory doesn't match image C:\Users\funny\OneDrive\מסמכים\GitHub\GGJ23-Magnivim\Shampo\Library\PackageCache\com.unity.visualscripting@1.7.8\Editor\VisualScripting.Core\Dependencies\YamlDotNet\Unity.VisualScripting.YamlDotNet.dll
Symbol file LoadedFromMemory doesn't match image C:\Users\funny\OneDrive\מסמכים\GitHub\GGJ23-Magnivim\Shampo\Library\PackageCache\com.unity.visualscripting@1.7.8\Editor\VisualScripting.Core\Dependencies\DotNetZip\Unity.VisualScripting.IonicZip.dll
Native extension for WindowsStandalone target not found
Refreshing native plugins compatible for Editor in 58.29 ms, found 4 plugins.
Preloading 0 native plugins for Editor in 0.00 ms.
Mono: successfully reloaded assembly
- Completed reload, in  0.751 seconds
Domain Reload Profiling:
	ReloadAssembly (752ms)
		BeginReloadAssembly (74ms)
			ExecutionOrderSort (0ms)
			DisableScriptedObjects (4ms)
			BackupInstance (0ms)
			ReleaseScriptingObjects (0ms)
			CreateAndSetChildDomain (14ms)
		EndReloadAssembly (605ms)
			LoadAssemblies (54ms)
			RebuildTransferFunctionScriptingTraits (0ms)
			SetupTypeCache (163ms)
			ReleaseScriptCaches (0ms)
			RebuildScriptCaches (35ms)
			SetupLoadedEditorAssemblies (318ms)
				LogAssemblyErrors (0ms)
				InitializePlatformSupportModulesInManaged (2ms)
				SetLoadedEditorAssemblies (0ms)
				RefreshPlugins (58ms)
				BeforeProcessingInitializeOnLoad (60ms)
				ProcessInitializeOnLoadAttributes (161ms)
				ProcessInitializeOnLoadMethodAttributes (33ms)
				AfterProcessingInitializeOnLoad (3ms)
				EditorAssembliesLoaded (0ms)
			ExecutionOrderSort2 (0ms)
			AwakeInstancesAfterBackupRestoration (5ms)
Platform modules already initialized, skipping
========================================================================
Worker process is ready to serve import requests
Launched and connected shader compiler UnityShaderCompiler.exe after 0.02 seconds
Refreshing native plugins compatible for Editor in 0.55 ms, found 4 plugins.
Preloading 0 native plugins for Editor in 0.00 ms.
Unloading 4123 Unused Serialized files (Serialized files now loaded: 0)
Unloading 38 unused Assets / (56.4 KB). Loaded Objects now: 4581.
Memory consumption went from 154.9 MB to 154.8 MB.
Total: 2.809600 ms (FindLiveObjects: 0.210200 ms CreateObjectMapping: 0.086500 ms MarkObjects: 2.428200 ms  DeleteObjects: 0.083900 ms)

AssetImportParameters requested are different than current active one (requested -> active):
  custom:video-decoder-ogg-theora: a1e56fd34408186e4bbccfd4996cb3dc -> 
  custom:container-muxer-webm: aa71ff27fc2769a1b78a27578f13a17b -> 
  custom:container-demuxer-webm: 4f35f7cbe854078d1ac9338744f61a02 -> 
  custom:video-encoder-webm-vp8: eb34c28f22e8b96e1ab97ce403110664 -> 
  custom:audio-encoder-webm-vorbis: bf7c407c2cedff20999df2af8eb42d56 -> 
  custom:framework-win-MediaFoundation: 216162199b28c13a410421893ffa2e32 -> 
  custom:container-demuxer-ogg: 62fdf1f143b41e24485cea50d1cbac27 -> 
  custom:video-decoder-webm-vp8: 9c59270c3fd7afecdb556c50c9e8de78 -> 
  custom:audio-decoder-ogg-vorbis: bf7c407c2cedff20999df2af8eb42d56 -> 
========================================================================
Received Prepare
Registering precompiled user dll's ...
Registered in 0.003515 seconds.
Begin MonoManager ReloadAssembly
Symbol file LoadedFromMemory doesn't match image C:\Users\funny\OneDrive\מסמכים\GitHub\GGJ23-Magnivim\Shampo\Library\PackageCache\com.unity.visualscripting@1.7.8\Editor\VisualScripting.Core\Dependencies\YamlDotNet\Unity.VisualScripting.YamlDotNet.dll
Symbol file LoadedFromMemory doesn't match image C:\Users\funny\OneDrive\מסמכים\GitHub\GGJ23-Magnivim\Shampo\Library\PackageCache\com.unity.visualscripting@1.7.8\Editor\VisualScripting.Core\Dependencies\DotNetZip\Unity.VisualScripting.IonicZip.dll
Native extension for WindowsStandalone target not found
Refreshing native plugins compatible for Editor in 0.75 ms, found 4 plugins.
Preloading 0 native plugins for Editor in 0.00 ms.
Mono: successfully reloaded assembly
- Completed reload, in  0.713 seconds
Domain Reload Profiling:
	ReloadAssembly (714ms)
		BeginReloadAssembly (103ms)
			ExecutionOrderSort (0ms)
			DisableScriptedObjects (4ms)
			BackupInstance (0ms)
			ReleaseScriptingObjects (0ms)
			CreateAndSetChildDomain (28ms)
		EndReloadAssembly (538ms)
			LoadAssemblies (70ms)
			RebuildTransferFunctionScriptingTraits (0ms)
			SetupTypeCache (173ms)
			ReleaseScriptCaches (1ms)
			RebuildScriptCaches (37ms)
			SetupLoadedEditorAssemblies (230ms)
				LogAssemblyErrors (0ms)
				InitializePlatformSupportModulesInManaged (10ms)
				SetLoadedEditorAssemblies (0ms)
				RefreshPlugins (1ms)
				BeforeProcessingInitializeOnLoad (49ms)
				ProcessInitializeOnLoadAttributes (141ms)
				ProcessInitializeOnLoadMethodAttributes (25ms)
				AfterProcessingInitializeOnLoad (4ms)
				EditorAssembliesLoaded (0ms)
			ExecutionOrderSort2 (0ms)
			AwakeInstancesAfterBackupRestoration (7ms)
Platform modules already initialized, skipping
Refreshing native plugins compatible for Editor in 1.61 ms, found 4 plugins.
Preloading 0 native plugins for Editor in 0.00 ms.
Unloading 4104 Unused Serialized files (Serialized files now loaded: 0)
Unloading 27 unused Assets / (72.6 KB). Loaded Objects now: 4587.
Memory consumption went from 153.4 MB to 153.3 MB.
Total: 3.119700 ms (FindLiveObjects: 0.195700 ms CreateObjectMapping: 0.093700 ms MarkObjects: 2.757500 ms  DeleteObjects: 0.072300 ms)

AssetImportParameters requested are different than current active one (requested -> active):
  custom:video-decoder-ogg-theora: a1e56fd34408186e4bbccfd4996cb3dc -> 
  custom:container-muxer-webm: aa71ff27fc2769a1b78a27578f13a17b -> 
  custom:container-demuxer-webm: 4f35f7cbe854078d1ac9338744f61a02 -> 
  custom:video-encoder-webm-vp8: eb34c28f22e8b96e1ab97ce403110664 -> 
  custom:audio-encoder-webm-vorbis: bf7c407c2cedff20999df2af8eb42d56 -> 
  custom:framework-win-MediaFoundation: 216162199b28c13a410421893ffa2e32 -> 
  custom:container-demuxer-ogg: 62fdf1f143b41e24485cea50d1cbac27 -> 
  custom:video-decoder-webm-vp8: 9c59270c3fd7afecdb556c50c9e8de78 -> 
  custom:audio-decoder-ogg-vorbis: bf7c407c2cedff20999df2af8eb42d56 -> 
========================================================================
Received Prepare
Registering precompiled user dll's ...
Registered in 0.004169 seconds.
Begin MonoManager ReloadAssembly
Symbol file LoadedFromMemory doesn't match image C:\Users\funny\OneDrive\מסמכים\GitHub\GGJ23-Magnivim\Shampo\Library\PackageCache\com.unity.visualscripting@1.7.8\Editor\VisualScripting.Core\Dependencies\YamlDotNet\Unity.VisualScripting.YamlDotNet.dll
Symbol file LoadedFromMemory doesn't match image C:\Users\funny\OneDrive\מסמכים\GitHub\GGJ23-Magnivim\Shampo\Library\PackageCache\com.unity.visualscripting@1.7.8\Editor\VisualScripting.Core\Dependencies\DotNetZip\Unity.VisualScripting.IonicZip.dll
Native extension for WindowsStandalone target not found
Refreshing native plugins compatible for Editor in 0.66 ms, found 4 plugins.
Preloading 0 native plugins for Editor in 0.00 ms.
Mono: successfully reloaded assembly
- Completed reload, in  0.643 seconds
Domain Reload Profiling:
	ReloadAssembly (644ms)
		BeginReloadAssembly (92ms)
			ExecutionOrderSort (0ms)
			DisableScriptedObjects (5ms)
			BackupInstance (0ms)
			ReleaseScriptingObjects (0ms)
			CreateAndSetChildDomain (28ms)
		EndReloadAssembly (490ms)
			LoadAssemblies (53ms)
			RebuildTransferFunctionScriptingTraits (0ms)
			SetupTypeCache (146ms)
			ReleaseScriptCaches (1ms)
			RebuildScriptCaches (30ms)
			SetupLoadedEditorAssemblies (226ms)
				LogAssemblyErrors (0ms)
				InitializePlatformSupportModulesInManaged (8ms)
				SetLoadedEditorAssemblies (0ms)
				RefreshPlugins (1ms)
				BeforeProcessingInitializeOnLoad (45ms)
				ProcessInitializeOnLoadAttributes (143ms)
				ProcessInitializeOnLoadMethodAttributes (26ms)
				AfterProcessingInitializeOnLoad (3ms)
				EditorAssembliesLoaded (0ms)
			ExecutionOrderSort2 (0ms)
			AwakeInstancesAfterBackupRestoration (5ms)
Platform modules already initialized, skipping
Refreshing native plugins compatible for Editor in 1.59 ms, found 4 plugins.
Preloading 0 native plugins for Editor in 0.00 ms.
Unloading 4104 Unused Serialized files (Serialized files now loaded: 0)
Unloading 27 unused Assets / (72.5 KB). Loaded Objects now: 4590.
Memory consumption went from 153.4 MB to 153.3 MB.
Total: 2.862900 ms (FindLiveObjects: 0.247100 ms CreateObjectMapping: 0.091400 ms MarkObjects: 2.415600 ms  DeleteObjects: 0.107900 ms)

AssetImportParameters requested are different than current active one (requested -> active):
  custom:video-decoder-ogg-theora: a1e56fd34408186e4bbccfd4996cb3dc -> 
  custom:container-muxer-webm: aa71ff27fc2769a1b78a27578f13a17b -> 
  custom:container-demuxer-webm: 4f35f7cbe854078d1ac9338744f61a02 -> 
  custom:video-encoder-webm-vp8: eb34c28f22e8b96e1ab97ce403110664 -> 
  custom:audio-encoder-webm-vorbis: bf7c407c2cedff20999df2af8eb42d56 -> 
  custom:framework-win-MediaFoundation: 216162199b28c13a410421893ffa2e32 -> 
  custom:container-demuxer-ogg: 62fdf1f143b41e24485cea50d1cbac27 -> 
  custom:video-decoder-webm-vp8: 9c59270c3fd7afecdb556c50c9e8de78 -> 
  custom:audio-decoder-ogg-vorbis: bf7c407c2cedff20999df2af8eb42d56 -> 
========================================================================
Received Import Request.
  Time since last request: 194694.387912 seconds.
  path: Assets/GUI PRO Kit - Fantasy RPG/Prefabs/Prefabs_Component_Buttons/Button_Circle01-Group.prefab
  artifactKey: Guid(c1416f6d45d65495c864f7bd344f39ae) Importer(815301076,1909f56bfc062723c751e8b465ee728b)
Start importing Assets/GUI PRO Kit - Fantasy RPG/Prefabs/Prefabs_Component_Buttons/Button_Circle01-Group.prefab using Guid(c1416f6d45d65495c864f7bd344f39ae) Importer(815301076,1909f56bfc062723c751e8b465ee728b)  -> (artifact id: '9e249e4dea393aac779877c7f10d4f72') in 0.069237 seconds 
========================================================================
Received Import Request.
  Time since last request: 0.000026 seconds.
  path: Assets/GUI PRO Kit - Fantasy RPG/Prefabs/Prefabs_Component_Buttons/Button_Rectangle01_Dim.prefab
  artifactKey: Guid(0eafc1614a0ec4e84994a74cff36db84) Importer(815301076,1909f56bfc062723c751e8b465ee728b)
Start importing Assets/GUI PRO Kit - Fantasy RPG/Prefabs/Prefabs_Component_Buttons/Button_Rectangle01_Dim.prefab using Guid(0eafc1614a0ec4e84994a74cff36db84) Importer(815301076,1909f56bfc062723c751e8b465ee728b)  -> (artifact id: 'df6665aa11a2911e744ac69b919fe94e') in 0.029445 seconds 
========================================================================
Received Import Request.
  Time since last request: 0.000024 seconds.
  path: Assets/GUI PRO Kit - Fantasy RPG/Prefabs/Prefabs_Component_Buttons/Button_Rectangle01_Yellow.prefab
  artifactKey: Guid(9e3dc5478531a44ea9d3d15a9f4f0690) Importer(815301076,1909f56bfc062723c751e8b465ee728b)
Start importing Assets/GUI PRO Kit - Fantasy RPG/Prefabs/Prefabs_Component_Buttons/Button_Rectangle01_Yellow.prefab using Guid(9e3dc5478531a44ea9d3d15a9f4f0690) Importer(815301076,1909f56bfc062723c751e8b465ee728b)  -> (artifact id: '9b48774be82f4b1200f802b66ba2d96f') in 0.014380 seconds 
========================================================================
Received Import Request.
  Time since last request: 0.000020 seconds.
  path: Assets/GUI PRO Kit - Fantasy RPG/Prefabs/Prefabs_Component_Buttons/Button_Rectangle01_Purple.prefab
  artifactKey: Guid(8813307fa2c464baeaa2b0733ac11962) Importer(815301076,1909f56bfc062723c751e8b465ee728b)
Start importing Assets/GUI PRO Kit - Fantasy RPG/Prefabs/Prefabs_Component_Buttons/Button_Rectangle01_Purple.prefab using Guid(8813307fa2c464baeaa2b0733ac11962) Importer(815301076,1909f56bfc062723c751e8b465ee728b)  -> (artifact id: '8d4d5f2a6d6b6b31717ebb6795b0fa31') in 0.016373 seconds 
========================================================================
Received Import Request.
  Time since last request: 0.000017 seconds.
  path: Assets/GUI PRO Kit - Fantasy RPG/Prefabs/Prefabs_Component_Buttons/Button_Rectangle01_Red.prefab
  artifactKey: Guid(bafa083cebd8a44b3a2ea74ef38ae939) Importer(815301076,1909f56bfc062723c751e8b465ee728b)
Start importing Assets/GUI PRO Kit - Fantasy RPG/Prefabs/Prefabs_Component_Buttons/Button_Rectangle01_Red.prefab using Guid(bafa083cebd8a44b3a2ea74ef38ae939) Importer(815301076,1909f56bfc062723c751e8b465ee728b)  -> (artifact id: 'b437ef7562aed586200014f523ef0c8f') in 0.010441 seconds 
========================================================================
Received Import Request.
  Time since last request: 0.000019 seconds.
  path: Assets/GUI PRO Kit - Fantasy RPG/Prefabs/Prefabs_Component_Buttons/Button_Rectangle01-Group.prefab
  artifactKey: Guid(7b5346a28de194b5dbfef09d38fed5c6) Importer(815301076,1909f56bfc062723c751e8b465ee728b)
Start importing Assets/GUI PRO Kit - Fantasy RPG/Prefabs/Prefabs_Component_Buttons/Button_Rectangle01-Group.prefab using Guid(7b5346a28de194b5dbfef09d38fed5c6) Importer(815301076,1909f56bfc062723c751e8b465ee728b)  -> (artifact id: '64fc48e6469ccc7cbc30622822c4b1da') in 0.014287 seconds 
========================================================================
Received Import Request.
  Time since last request: 0.000019 seconds.
  path: Assets/GUI PRO Kit - Fantasy RPG/Prefabs/Prefabs_Component_Buttons/Button_Rectangle01_Brown.prefab
  artifactKey: Guid(489c6aee211b44414872f7afdf05d7a5) Importer(815301076,1909f56bfc062723c751e8b465ee728b)
Start importing Assets/GUI PRO Kit - Fantasy RPG/Prefabs/Prefabs_Component_Buttons/Button_Rectangle01_Brown.prefab using Guid(489c6aee211b44414872f7afdf05d7a5) Importer(815301076,1909f56bfc062723c751e8b465ee728b)  -> (artifact id: '59cdd86bfe3e472aca39dd1a0ec8039e') in 0.013248 seconds 
========================================================================
Received Import Request.
  Time since last request: 0.000019 seconds.
  path: Assets/GUI PRO Kit - Fantasy RPG/Prefabs/Prefabs_Component_Buttons/Button_Sqeure01.prefab
  artifactKey: Guid(0767699d167fa4530a0fb52359271ab6) Importer(815301076,1909f56bfc062723c751e8b465ee728b)
Start importing Assets/GUI PRO Kit - Fantasy RPG/Prefabs/Prefabs_Component_Buttons/Button_Sqeure01.prefab using Guid(0767699d167fa4530a0fb52359271ab6) Importer(815301076,1909f56bfc062723c751e8b465ee728b)  -> (artifact id: '82e7c32a6a40155a0ac39a03527a5f30') in 0.022637 seconds 
========================================================================
Received Import Request.
  Time since last request: 0.000017 seconds.
  path: Assets/GUI PRO Kit - Fantasy RPG/Prefabs/Prefabs_Component_Buttons/Button_Rectangle01_Gray.prefab
  artifactKey: Guid(018947ce1abc14047b699d7e8fdcf673) Importer(815301076,1909f56bfc062723c751e8b465ee728b)
Start importing Assets/GUI PRO Kit - Fantasy RPG/Prefabs/Prefabs_Component_Buttons/Button_Rectangle01_Gray.prefab using Guid(018947ce1abc14047b699d7e8fdcf673) Importer(815301076,1909f56bfc062723c751e8b465ee728b)  -> (artifact id: '999e43310fc654098beb126784c48568') in 0.012892 seconds 
========================================================================
Received Import Request.
  Time since last request: 0.000018 seconds.
  path: Assets/GUI PRO Kit - Fantasy RPG/Prefabs/Prefabs_Component_Buttons/Button_Rectangle01_White.prefab
  artifactKey: Guid(d1391910418d64ed18f1faeb4b5ab518) Importer(815301076,1909f56bfc062723c751e8b465ee728b)
Start importing Assets/GUI PRO Kit - Fantasy RPG/Prefabs/Prefabs_Component_Buttons/Button_Rectangle01_White.prefab using Guid(d1391910418d64ed18f1faeb4b5ab518) Importer(815301076,1909f56bfc062723c751e8b465ee728b)  -> (artifact id: 'cc3ec6dc264e7f002417c76ac5e8df7a') in 0.011212 seconds 
========================================================================
Received Import Request.
  Time since last request: 0.000031 seconds.
  path: Assets/GUI PRO Kit - Fantasy RPG/Prefabs/Prefabs_Component_Buttons/Button_Circle01_Green.prefab
  artifactKey: Guid(abc2d5e23e86f4587b4e10b38c668f34) Importer(815301076,1909f56bfc062723c751e8b465ee728b)
Start importing Assets/GUI PRO Kit - Fantasy RPG/Prefabs/Prefabs_Component_Buttons/Button_Circle01_Green.prefab using Guid(abc2d5e23e86f4587b4e10b38c668f34) Importer(815301076,1909f56bfc062723c751e8b465ee728b)  -> (artifact id: 'bfc6d240d95b6f01bbc1bc6765acf712') in 0.008617 seconds 
========================================================================
Received Import Request.
  Time since last request: 0.000028 seconds.
  path: Assets/GUI PRO Kit - Fantasy RPG/Prefabs/Prefabs_Component_Buttons/Button_Rectangle01_BlueGray.prefab
  artifactKey: Guid(9769f05840cde480fa6bf1bd95e703e4) Importer(815301076,1909f56bfc062723c751e8b465ee728b)
Start importing Assets/GUI PRO Kit - Fantasy RPG/Prefabs/Prefabs_Component_Buttons/Button_Rectangle01_BlueGray.prefab using Guid(9769f05840cde480fa6bf1bd95e703e4) Importer(815301076,1909f56bfc062723c751e8b465ee728b)  -> (artifact id: '516f893220e0edc7dcbd569eb83c6f06') in 0.010542 seconds 
========================================================================
Received Import Request.
  Time since last request: 33.482208 seconds.
  path: Assets/GUI PRO Kit - Fantasy RPG/Prefabs/Prefabs_Component_Frames/_Prefabs_Component_Frames_3_List,Stage.prefab
  artifactKey: Guid(85267a4263f404966a53bd778a40c883) Importer(815301076,1909f56bfc062723c751e8b465ee728b)
Start importing Assets/GUI PRO Kit - Fantasy RPG/Prefabs/Prefabs_Component_Frames/_Prefabs_Component_Frames_3_List,Stage.prefab using Guid(85267a4263f404966a53bd778a40c883) Importer(815301076,1909f56bfc062723c751e8b465ee728b)  -> (artifact id: '87cb2b2d5014c0e19a6dc1a6ef8a82bf') in 0.020444 seconds 
========================================================================
Received Import Request.
  Time since last request: 0.000018 seconds.
  path: Assets/GUI PRO Kit - Fantasy RPG/Prefabs/Prefabs_Component_Frames/Frame_ItemFrame_01-Group.prefab
  artifactKey: Guid(15c544406b8b94fe1b1e8f720bb0e361) Importer(815301076,1909f56bfc062723c751e8b465ee728b)
Start importing Assets/GUI PRO Kit - Fantasy RPG/Prefabs/Prefabs_Component_Frames/Frame_ItemFrame_01-Group.prefab using Guid(15c544406b8b94fe1b1e8f720bb0e361) Importer(815301076,1909f56bfc062723c751e8b465ee728b)  -> (artifact id: 'a992279ec25c6419f94bacff7aa5afc7') in 0.023309 seconds 
========================================================================
Received Import Request.
  Time since last request: 0.000028 seconds.
  path: Assets/GUI PRO Kit - Fantasy RPG/Prefabs/Prefabs_Component_Frames/Frame_LineTextFrame_02_Demo.prefab
  artifactKey: Guid(e8c3640f4853347a2821750c3ff75ed8) Importer(815301076,1909f56bfc062723c751e8b465ee728b)
Start importing Assets/GUI PRO Kit - Fantasy RPG/Prefabs/Prefabs_Component_Frames/Frame_LineTextFrame_02_Demo.prefab using Guid(e8c3640f4853347a2821750c3ff75ed8) Importer(815301076,1909f56bfc062723c751e8b465ee728b)  -> (artifact id: 'ddec6db597b7d28794b8bfe9509dc9ac') in 0.011557 seconds 
========================================================================
Received Import Request.
  Time since last request: 0.000022 seconds.
  path: Assets/GUI PRO Kit - Fantasy RPG/Prefabs/Prefabs_Component_Frames/Frame_Tabmenu_Focus_00.prefab
  artifactKey: Guid(7b2a6efdf76f94e6898e15e6c1648e91) Importer(815301076,1909f56bfc062723c751e8b465ee728b)
Start importing Assets/GUI PRO Kit - Fantasy RPG/Prefabs/Prefabs_Component_Frames/Frame_Tabmenu_Focus_00.prefab using Guid(7b2a6efdf76f94e6898e15e6c1648e91) Importer(815301076,1909f56bfc062723c751e8b465ee728b)  -> (artifact id: 'e928d87d3cae15d7740c693cac0fa213') in 0.011591 seconds 
========================================================================
Received Import Request.
  Time since last request: 0.000017 seconds.
  path: Assets/GUI PRO Kit - Fantasy RPG/Prefabs/Prefabs_Component_Frames/Frame_TableFarme_00_Demo.prefab
  artifactKey: Guid(f2d9ce4ad462743fe9eca0ff4313a976) Importer(815301076,1909f56bfc062723c751e8b465ee728b)
Start importing Assets/GUI PRO Kit - Fantasy RPG/Prefabs/Prefabs_Component_Frames/Frame_TableFarme_00_Demo.prefab using Guid(f2d9ce4ad462743fe9eca0ff4313a976) Importer(815301076,1909f56bfc062723c751e8b465ee728b)  -> (artifact id: '6132d07d7671b12aad0b4a590569d7f6') in 0.011331 seconds 
========================================================================
Received Import Request.
  Time since last request: 0.000017 seconds.
  path: Assets/GUI PRO Kit - Fantasy RPG/Prefabs/Prefabs_Component_Frames/Frame_CardFrame_00-Group.prefab
  artifactKey: Guid(f64640895ad184eccbd6679c9bf6112d) Importer(815301076,1909f56bfc062723c751e8b465ee728b)
Start importing Assets/GUI PRO Kit - Fantasy RPG/Prefabs/Prefabs_Component_Frames/Frame_CardFrame_00-Group.prefab using Guid(f64640895ad184eccbd6679c9bf6112d) Importer(815301076,1909f56bfc062723c751e8b465ee728b)  -> (artifact id: 'eae1269f19abe2ff9f71dceed13c8f5d') in 0.014809 seconds 
========================================================================
Received Import Request.
  Time since last request: 0.000028 seconds.
  path: Assets/GUI PRO Kit - Fantasy RPG/Prefabs/Prefabs_Component_Frames/Frame_LineTextFrame_03_Demo.prefab
  artifactKey: Guid(4518dea19dacc4920ac012d15fb91ccf) Importer(815301076,1909f56bfc062723c751e8b465ee728b)
Start importing Assets/GUI PRO Kit - Fantasy RPG/Prefabs/Prefabs_Component_Frames/Frame_LineTextFrame_03_Demo.prefab using Guid(4518dea19dacc4920ac012d15fb91ccf) Importer(815301076,1909f56bfc062723c751e8b465ee728b)  -> (artifact id: '3d939d6968f8ed87d9e251d40ba5d78b') in 0.011074 seconds 
========================================================================
Received Import Request.
  Time since last request: 0.000044 seconds.
  path: Assets/GUI PRO Kit - Fantasy RPG/Prefabs/Prefabs_Component_Frames/Frame_BasicFrame_Square-Group.prefab
  artifactKey: Guid(81d21acf9626f4ca69ad7fafc48a0075) Importer(815301076,1909f56bfc062723c751e8b465ee728b)
Start importing Assets/GUI PRO Kit - Fantasy RPG/Prefabs/Prefabs_Component_Frames/Frame_BasicFrame_Square-Group.prefab using Guid(81d21acf9626f4ca69ad7fafc48a0075) Importer(815301076,1909f56bfc062723c751e8b465ee728b)  -> (artifact id: '16a85e30ece2986e8680d16296e1952e') in 0.009236 seconds 
========================================================================
Received Import Request.
  Time since last request: 0.000024 seconds.
  path: Assets/GUI PRO Kit - Fantasy RPG/Prefabs/Prefabs_Component_Frames/Frame_LineTextFrame_07_White.prefab
  artifactKey: Guid(f6c79087ac36845529a7800e74e977e4) Importer(815301076,1909f56bfc062723c751e8b465ee728b)
Start importing Assets/GUI PRO Kit - Fantasy RPG/Prefabs/Prefabs_Component_Frames/Frame_LineTextFrame_07_White.prefab using Guid(f6c79087ac36845529a7800e74e977e4) Importer(815301076,1909f56bfc062723c751e8b465ee728b)  -> (artifact id: '60bebe06094ff8944f271c4472eb8d69') in 0.010513 seconds 
========================================================================
Received Import Request.
  Time since last request: 0.000020 seconds.
  path: Assets/GUI PRO Kit - Fantasy RPG/Prefabs/Prefabs_Component_Frames/_Prefabs_Component_Frames_6_Line01.prefab
  artifactKey: Guid(697a661b4806e483caf1b07ed818eceb) Importer(815301076,1909f56bfc062723c751e8b465ee728b)
Start importing Assets/GUI PRO Kit - Fantasy RPG/Prefabs/Prefabs_Component_Frames/_Prefabs_Component_Frames_6_Line01.prefab using Guid(697a661b4806e483caf1b07ed818eceb) Importer(815301076,1909f56bfc062723c751e8b465ee728b)  -> (artifact id: '37b2e58c1d97e964477acbfad11d0577') in 0.013815 seconds 
========================================================================
Received Import Request.
  Time since last request: 0.000048 seconds.
  path: Assets/GUI PRO Kit - Fantasy RPG/Prefabs/Prefabs_Component_Frames/Frame_LineFrame_00_Demo.prefab
  artifactKey: Guid(df3c050e5e7b94eb787c5ed5e7b6bd48) Importer(815301076,1909f56bfc062723c751e8b465ee728b)
Start importing Assets/GUI PRO Kit - Fantasy RPG/Prefabs/Prefabs_Component_Frames/Frame_LineFrame_00_Demo.prefab using Guid(df3c050e5e7b94eb787c5ed5e7b6bd48) Importer(815301076,1909f56bfc062723c751e8b465ee728b)  -> (artifact id: '398d2010a33c50298c84f820038120ec') in 0.007689 seconds 
========================================================================
Received Import Request.
  Time since last request: 0.000021 seconds.
  path: Assets/GUI PRO Kit - Fantasy RPG/Prefabs/Prefabs_Component_Frames/Frame_LineTextFrame_06_Demo_Yellow.prefab
  artifactKey: Guid(52e79b6fc591d42238d057ca009e018d) Importer(815301076,1909f56bfc062723c751e8b465ee728b)
Start importing Assets/GUI PRO Kit - Fantasy RPG/Prefabs/Prefabs_Component_Frames/Frame_LineTextFrame_06_Demo_Yellow.prefab using Guid(52e79b6fc591d42238d057ca009e018d) Importer(815301076,1909f56bfc062723c751e8b465ee728b)  -> (artifact id: 'aa841a936979ba1cbcf4eecac9e1b9ab') in 0.011251 seconds 
========================================================================
Received Import Request.
  Time since last request: 0.000025 seconds.
  path: Assets/GUI PRO Kit - Fantasy RPG/Prefabs/Prefabs_Component_Frames/Frame_StageFrame_02_Group.prefab
  artifactKey: Guid(ddffebb1a881e405fb2d5f6d25261400) Importer(815301076,1909f56bfc062723c751e8b465ee728b)
Start importing Assets/GUI PRO Kit - Fantasy RPG/Prefabs/Prefabs_Component_Frames/Frame_StageFrame_02_Group.prefab using Guid(ddffebb1a881e405fb2d5f6d25261400) Importer(815301076,1909f56bfc062723c751e8b465ee728b)  -> (artifact id: '444a9129b508f44458391ec0347623e7') in 0.012647 seconds 
========================================================================
Received Import Request.
  Time since last request: 0.000020 seconds.
  path: Assets/GUI PRO Kit - Fantasy RPG/Prefabs/Prefabs_Component_Frames/_Prefabs_Component_Frames_6_Line03.prefab
  artifactKey: Guid(f6286c1e2b6d244319feeaf1a9a36b1f) Importer(815301076,1909f56bfc062723c751e8b465ee728b)
Start importing Assets/GUI PRO Kit - Fantasy RPG/Prefabs/Prefabs_Component_Frames/_Prefabs_Component_Frames_6_Line03.prefab using Guid(f6286c1e2b6d244319feeaf1a9a36b1f) Importer(815301076,1909f56bfc062723c751e8b465ee728b)  -> (artifact id: '19b34534127be2c92f8f282f8e5065e1') in 0.030089 seconds 
========================================================================
Received Import Request.
  Time since last request: 0.000026 seconds.
  path: Assets/GUI PRO Kit - Fantasy RPG/Prefabs/Prefabs_Component_Frames/Frame_LineFrame_04_Demo.prefab
  artifactKey: Guid(a9d549d136fb14d09820fab76579682e) Importer(815301076,1909f56bfc062723c751e8b465ee728b)
Start importing Assets/GUI PRO Kit - Fantasy RPG/Prefabs/Prefabs_Component_Frames/Frame_LineFrame_04_Demo.prefab using Guid(a9d549d136fb14d09820fab76579682e) Importer(815301076,1909f56bfc062723c751e8b465ee728b)  -> (artifact id: '8222b048737b98d924bad565ddfac93c') in 0.007629 seconds 
========================================================================
Received Import Request.
  Time since last request: 0.000027 seconds.
  path: Assets/GUI PRO Kit - Fantasy RPG/Prefabs/Prefabs_Component_Frames/Frame_ItemFrame_02-Group.prefab
  artifactKey: Guid(04560fcb6a78b441ab3e969d2f95626a) Importer(815301076,1909f56bfc062723c751e8b465ee728b)
Start importing Assets/GUI PRO Kit - Fantasy RPG/Prefabs/Prefabs_Component_Frames/Frame_ItemFrame_02-Group.prefab using Guid(04560fcb6a78b441ab3e969d2f95626a) Importer(815301076,1909f56bfc062723c751e8b465ee728b)  -> (artifact id: 'f099fdc95346779f4503ef2fa5d4a2d7') in 0.017870 seconds 
========================================================================
Received Import Request.
  Time since last request: 0.000021 seconds.
  path: Assets/GUI PRO Kit - Fantasy RPG/Prefabs/Prefabs_Component_Frames/Frame_BasicFrame_Square_m_White.prefab
  artifactKey: Guid(eb922c11131d3475bbc4da010f1f330e) Importer(815301076,1909f56bfc062723c751e8b465ee728b)
Start importing Assets/GUI PRO Kit - Fantasy RPG/Prefabs/Prefabs_Component_Frames/Frame_BasicFrame_Square_m_White.prefab using Guid(eb922c11131d3475bbc4da010f1f330e) Importer(815301076,1909f56bfc062723c751e8b465ee728b)  -> (artifact id: 'c53e3698c296782ae2629c9fca5d942b') in 0.007688 seconds 
========================================================================
Received Import Request.
  Time since last request: 0.000022 seconds.
  path: Assets/GUI PRO Kit - Fantasy RPG/Prefabs/Prefabs_Component_Frames/Frame_LineTextFrame_07_Demo.prefab
  artifactKey: Guid(e59545af645f54766acbda3a98299944) Importer(815301076,1909f56bfc062723c751e8b465ee728b)
Start importing Assets/GUI PRO Kit - Fantasy RPG/Prefabs/Prefabs_Component_Frames/Frame_LineTextFrame_07_Demo.prefab using Guid(e59545af645f54766acbda3a98299944) Importer(815301076,1909f56bfc062723c751e8b465ee728b)  -> (artifact id: 'eb04d6871957616229d74addb38af30e') in 0.011319 seconds 
========================================================================
Received Import Request.
  Time since last request: 0.000026 seconds.
  path: Assets/GUI PRO Kit - Fantasy RPG/Prefabs/Prefabs_Component_Frames/Frame_StageFrame_00-Group.prefab
  artifactKey: Guid(620cf6c6055d64a15927fbe87e9be786) Importer(815301076,1909f56bfc062723c751e8b465ee728b)
Start importing Assets/GUI PRO Kit - Fantasy RPG/Prefabs/Prefabs_Component_Frames/Frame_StageFrame_00-Group.prefab using Guid(620cf6c6055d64a15927fbe87e9be786) Importer(815301076,1909f56bfc062723c751e8b465ee728b)  -> (artifact id: '5835bdc20827b0fb0855d2a02722a5c7') in 0.011990 seconds 
========================================================================
Received Import Request.
  Time since last request: 0.000018 seconds.
  path: Assets/GUI PRO Kit - Fantasy RPG/Prefabs/Prefabs_Component_Frames/Frame_Tabmenu_Focus_01_s.prefab
  artifactKey: Guid(ce3939b6616ee4674990936966d23821) Importer(815301076,1909f56bfc062723c751e8b465ee728b)
Start importing Assets/GUI PRO Kit - Fantasy RPG/Prefabs/Prefabs_Component_Frames/Frame_Tabmenu_Focus_01_s.prefab using Guid(ce3939b6616ee4674990936966d23821) Importer(815301076,1909f56bfc062723c751e8b465ee728b)  -> (artifact id: 'e67671fd4858755db2cfd9eb4b2c3df2') in 0.010237 seconds 
========================================================================
Received Import Request.
  Time since last request: 0.000016 seconds.
  path: Assets/GUI PRO Kit - Fantasy RPG/Prefabs/Prefabs_Component_Frames/Frame_StageFrame_05-Group.prefab
  artifactKey: Guid(176632208037d4abbaf0f3fbfccf4f58) Importer(815301076,1909f56bfc062723c751e8b465ee728b)
Start importing Assets/GUI PRO Kit - Fantasy RPG/Prefabs/Prefabs_Component_Frames/Frame_StageFrame_05-Group.prefab using Guid(176632208037d4abbaf0f3fbfccf4f58) Importer(815301076,1909f56bfc062723c751e8b465ee728b)  -> (artifact id: '6e4cebf7d9990ad1a2e52b39403682e2') in 0.012214 seconds 
========================================================================
Received Import Request.
  Time since last request: 0.000020 seconds.
  path: Assets/GUI PRO Kit - Fantasy RPG/Prefabs/Prefabs_Component_Frames/Frame_LineFrame_02_Demo.prefab
  artifactKey: Guid(580818536c8b842e081f603b488ee4a9) Importer(815301076,1909f56bfc062723c751e8b465ee728b)
Start importing Assets/GUI PRO Kit - Fantasy RPG/Prefabs/Prefabs_Component_Frames/Frame_LineFrame_02_Demo.prefab using Guid(580818536c8b842e081f603b488ee4a9) Importer(815301076,1909f56bfc062723c751e8b465ee728b)  -> (artifact id: '86f81df083994109f463b7ad327ccbbe') in 0.007032 seconds 
========================================================================
Received Import Request.
  Time since last request: 0.000020 seconds.
  path: Assets/GUI PRO Kit - Fantasy RPG/Prefabs/Prefabs_Component_Frames/Frame_LineFrame_01_White.prefab
  artifactKey: Guid(ce03ded5233374149a8d7cf6863713f6) Importer(815301076,1909f56bfc062723c751e8b465ee728b)
Start importing Assets/GUI PRO Kit - Fantasy RPG/Prefabs/Prefabs_Component_Frames/Frame_LineFrame_01_White.prefab using Guid(ce03ded5233374149a8d7cf6863713f6) Importer(815301076,1909f56bfc062723c751e8b465ee728b)  -> (artifact id: '00fd0abad6f31e9d4414f0d754694079') in 0.006608 seconds 
========================================================================
Received Import Request.
  Time since last request: 0.000016 seconds.
  path: Assets/GUI PRO Kit - Fantasy RPG/Prefabs/Prefabs_Component_Frames/Frame_BasicFrame_Square_l_White.prefab
  artifactKey: Guid(518346fdc9d674fe1877d1201eedee3c) Importer(815301076,1909f56bfc062723c751e8b465ee728b)
Start importing Assets/GUI PRO Kit - Fantasy RPG/Prefabs/Prefabs_Component_Frames/Frame_BasicFrame_Square_l_White.prefab using Guid(518346fdc9d674fe1877d1201eedee3c) Importer(815301076,1909f56bfc062723c751e8b465ee728b)  -> (artifact id: '5263c58ca716773b9833c016e3d8dcea') in 0.008990 seconds 
========================================================================
Received Import Request.
  Time since last request: 0.000019 seconds.
  path: Assets/GUI PRO Kit - Fantasy RPG/Prefabs/Prefabs_Component_Frames/_Prefabs_Component_Frames_5_Table.prefab
  artifactKey: Guid(57bd77045f75944639dc1955e2731201) Importer(815301076,1909f56bfc062723c751e8b465ee728b)
Start importing Assets/GUI PRO Kit - Fantasy RPG/Prefabs/Prefabs_Component_Frames/_Prefabs_Component_Frames_5_Table.prefab using Guid(57bd77045f75944639dc1955e2731201) Importer(815301076,1909f56bfc062723c751e8b465ee728b)  -> (artifact id: '023be0dadadb4af720fabb2cec166e3d') in 0.011483 seconds 
========================================================================
Received Import Request.
  Time since last request: 0.000017 seconds.
  path: Assets/GUI PRO Kit - Fantasy RPG/Prefabs/Prefabs_Component_Frames/Frame_LineTextFrame_06-Group.prefab
  artifactKey: Guid(7a966a44c8e8c48769c2a30ef49ebc7b) Importer(815301076,1909f56bfc062723c751e8b465ee728b)
Start importing Assets/GUI PRO Kit - Fantasy RPG/Prefabs/Prefabs_Component_Frames/Frame_LineTextFrame_06-Group.prefab using Guid(7a966a44c8e8c48769c2a30ef49ebc7b) Importer(815301076,1909f56bfc062723c751e8b465ee728b)  -> (artifact id: '72d86d19c044dd38da05f06e541b7ab5') in 0.022800 seconds 
========================================================================
Received Import Request.
  Time since last request: 0.000021 seconds.
  path: Assets/GUI PRO Kit - Fantasy RPG/Prefabs/Prefabs_Component_Frames/Frame_BasicFrame_Square_s_Demo.prefab
  artifactKey: Guid(ba4d8c87caf5f4b4a999e13cb05fc46c) Importer(815301076,1909f56bfc062723c751e8b465ee728b)
Start importing Assets/GUI PRO Kit - Fantasy RPG/Prefabs/Prefabs_Component_Frames/Frame_BasicFrame_Square_s_Demo.prefab using Guid(ba4d8c87caf5f4b4a999e13cb05fc46c) Importer(815301076,1909f56bfc062723c751e8b465ee728b)  -> (artifact id: '44578c91053eaf5a8a6ed579c3370159') in 0.007375 seconds 
========================================================================
Received Import Request.
  Time since last request: 22.476805 seconds.
  path: Assets/GUI PRO Kit - Fantasy RPG/Prefabs/Prefabs_DemoScene_Panels/Common_Equipment Icons.prefab
  artifactKey: Guid(f6c952d1102184400bae63f2dfce5e7f) Importer(815301076,1909f56bfc062723c751e8b465ee728b)
Start importing Assets/GUI PRO Kit - Fantasy RPG/Prefabs/Prefabs_DemoScene_Panels/Common_Equipment Icons.prefab using Guid(f6c952d1102184400bae63f2dfce5e7f) Importer(815301076,1909f56bfc062723c751e8b465ee728b)  -> (artifact id: '2d397392935a477b78fccaec91bdca7c') in 0.019032 seconds 
========================================================================
Received Import Request.
  Time since last request: 0.000015 seconds.
  path: Assets/GUI PRO Kit - Fantasy RPG/Prefabs/Prefabs_DemoScene_Panels/Panel_Heroes.prefab
  artifactKey: Guid(a5982fa67d2524b9eafe9bf105e7c2ca) Importer(815301076,1909f56bfc062723c751e8b465ee728b)
Start importing Assets/GUI PRO Kit - Fantasy RPG/Prefabs/Prefabs_DemoScene_Panels/Panel_Heroes.prefab using Guid(a5982fa67d2524b9eafe9bf105e7c2ca) Importer(815301076,1909f56bfc062723c751e8b465ee728b)  -> (artifact id: '8b6c29824bb7ea8b6f7e0203022ca0c4') in 0.026830 seconds 
========================================================================
Received Import Request.
  Time since last request: 0.000033 seconds.
  path: Assets/GUI PRO Kit - Fantasy RPG/Prefabs/Prefabs_DemoScene_Panels/Panel_Rate.prefab
  artifactKey: Guid(c82dd37e8cdfe4aba8c8fdd4ccbf22f2) Importer(815301076,1909f56bfc062723c751e8b465ee728b)
Start importing Assets/GUI PRO Kit - Fantasy RPG/Prefabs/Prefabs_DemoScene_Panels/Panel_Rate.prefab using Guid(c82dd37e8cdfe4aba8c8fdd4ccbf22f2) Importer(815301076,1909f56bfc062723c751e8b465ee728b)  -> (artifact id: '402ca7ae647463cf0b7d16c0e1e405fc') in 0.013542 seconds 
========================================================================
Received Import Request.
  Time since last request: 0.000017 seconds.
  path: Assets/GUI PRO Kit - Fantasy RPG/Prefabs/Prefabs_DemoScene_Panels/PlayScene_Type_2_Upgrade.prefab
  artifactKey: Guid(6831fb88fadc94f44bb892f7a3147288) Importer(815301076,1909f56bfc062723c751e8b465ee728b)
Start importing Assets/GUI PRO Kit - Fantasy RPG/Prefabs/Prefabs_DemoScene_Panels/PlayScene_Type_2_Upgrade.prefab using Guid(6831fb88fadc94f44bb892f7a3147288) Importer(815301076,1909f56bfc062723c751e8b465ee728b)  -> (artifact id: 'ee83867abd5146b75911942919e70fff') in 0.031188 seconds 
========================================================================
Received Import Request.
  Time since last request: 0.000027 seconds.
  path: Assets/GUI PRO Kit - Fantasy RPG/Prefabs/Prefabs_DemoScene_Panels/Panel_Tutorial.prefab
  artifactKey: Guid(558b2866cfa434ab79223a16b8e78bec) Importer(815301076,1909f56bfc062723c751e8b465ee728b)
Start importing Assets/GUI PRO Kit - Fantasy RPG/Prefabs/Prefabs_DemoScene_Panels/Panel_Tutorial.prefab using Guid(558b2866cfa434ab79223a16b8e78bec) Importer(815301076,1909f56bfc062723c751e8b465ee728b)  -> (artifact id: '59dcf5ccdbc29fb9ceccf27c95c05f43') in 0.013518 seconds 
========================================================================
Received Import Request.
  Time since last request: 0.000023 seconds.
  path: Assets/GUI PRO Kit - Fantasy RPG/Prefabs/Prefabs_DemoScene_Panels/PlayScene_Continue.prefab
  artifactKey: Guid(186aa7631ab8b4793bcee8edfdab5dd4) Importer(815301076,1909f56bfc062723c751e8b465ee728b)
Start importing Assets/GUI PRO Kit - Fantasy RPG/Prefabs/Prefabs_DemoScene_Panels/PlayScene_Continue.prefab using Guid(186aa7631ab8b4793bcee8edfdab5dd4) Importer(815301076,1909f56bfc062723c751e8b465ee728b)  -> (artifact id: 'f7358086a0a9a921356f09304388e516') in 0.013760 seconds 
========================================================================
Received Import Request.
  Time since last request: 0.000018 seconds.
  path: Assets/GUI PRO Kit - Fantasy RPG/Prefabs/Prefabs_DemoScene_Panels/TitleScene_Downloading.prefab
  artifactKey: Guid(3dcabc93179f541309b1afe4a8376480) Importer(815301076,1909f56bfc062723c751e8b465ee728b)
Start importing Assets/GUI PRO Kit - Fantasy RPG/Prefabs/Prefabs_DemoScene_Panels/TitleScene_Downloading.prefab using Guid(3dcabc93179f541309b1afe4a8376480) Importer(815301076,1909f56bfc062723c751e8b465ee728b)  -> (artifact id: '3b4f2a549aecc0efd5fd37b928298f19') in 0.094079 seconds 
========================================================================
Received Import Request.
  Time since last request: 0.000021 seconds.
  path: Assets/GUI PRO Kit - Fantasy RPG/Prefabs/Prefabs_DemoScene_Panels/Panel_Guild.prefab
  artifactKey: Guid(2f8072f83878640d881fa05273bc7231) Importer(815301076,1909f56bfc062723c751e8b465ee728b)
Start importing Assets/GUI PRO Kit - Fantasy RPG/Prefabs/Prefabs_DemoScene_Panels/Panel_Guild.prefab using Guid(2f8072f83878640d881fa05273bc7231) Importer(815301076,1909f56bfc062723c751e8b465ee728b)  -> (artifact id: '5e0a5b3c7e1275748a19043df15221f9') in 0.024678 seconds 
========================================================================
Received Import Request.
  Time since last request: 0.000019 seconds.
  path: Assets/GUI PRO Kit - Fantasy RPG/Prefabs/Prefabs_DemoScene_Panels/Popup_Equipment_ItemDetail3.prefab
  artifactKey: Guid(c28933747e35440d09664f4199433562) Importer(815301076,1909f56bfc062723c751e8b465ee728b)
Start importing Assets/GUI PRO Kit - Fantasy RPG/Prefabs/Prefabs_DemoScene_Panels/Popup_Equipment_ItemDetail3.prefab using Guid(c28933747e35440d09664f4199433562) Importer(815301076,1909f56bfc062723c751e8b465ee728b)  -> (artifact id: '06a7cb43e65b6277bdbfa89c7db368ea') in 0.013228 seconds 
========================================================================
Received Import Request.
  Time since last request: 0.000048 seconds.
  path: Assets/GUI PRO Kit - Fantasy RPG/Prefabs/Prefabs_DemoScene_Panels/Popup_Language.prefab
  artifactKey: Guid(a1468f80f95be4aa5ab7d7c72f40c9f3) Importer(815301076,1909f56bfc062723c751e8b465ee728b)
Start importing Assets/GUI PRO Kit - Fantasy RPG/Prefabs/Prefabs_DemoScene_Panels/Popup_Language.prefab using Guid(a1468f80f95be4aa5ab7d7c72f40c9f3) Importer(815301076,1909f56bfc062723c751e8b465ee728b)  -> (artifact id: 'b596baa94d6919b395d55adfc4d9287a') in 0.016233 seconds 
========================================================================
Received Import Request.
  Time since last request: 0.000020 seconds.
  path: Assets/GUI PRO Kit - Fantasy RPG/Prefabs/Prefabs_DemoScene_Panels/Common_Item Icons1.prefab
  artifactKey: Guid(2e667c7f09a5e470b91b16528d1c97a2) Importer(815301076,1909f56bfc062723c751e8b465ee728b)
Start importing Assets/GUI PRO Kit - Fantasy RPG/Prefabs/Prefabs_DemoScene_Panels/Common_Item Icons1.prefab using Guid(2e667c7f09a5e470b91b16528d1c97a2) Importer(815301076,1909f56bfc062723c751e8b465ee728b)  -> (artifact id: 'd3122d440890bf7511c1a067fd79ca58') in 0.017728 seconds 
========================================================================
Received Import Request.
  Time since last request: 0.000040 seconds.
  path: Assets/GUI PRO Kit - Fantasy RPG/Prefabs/Prefabs_DemoScene_Panels/PlayScene_Type_3.prefab
  artifactKey: Guid(140d0cb50a60c47fd8b9581c3dc982dd) Importer(815301076,1909f56bfc062723c751e8b465ee728b)
Start importing Assets/GUI PRO Kit - Fantasy RPG/Prefabs/Prefabs_DemoScene_Panels/PlayScene_Type_3.prefab using Guid(140d0cb50a60c47fd8b9581c3dc982dd) Importer(815301076,1909f56bfc062723c751e8b465ee728b)  -> (artifact id: '50f2f904f1bcf981671f7b39f9ba7254') in 0.022624 seconds 
========================================================================
Received Import Request.
  Time since last request: 0.000039 seconds.
  path: Assets/GUI PRO Kit - Fantasy RPG/Prefabs/Prefabs_DemoScene_Panels/PlayScene_Type_1.prefab
  artifactKey: Guid(c0bfe9c8fdd2d420a80f2f135bc22376) Importer(815301076,1909f56bfc062723c751e8b465ee728b)
Start importing Assets/GUI PRO Kit - Fantasy RPG/Prefabs/Prefabs_DemoScene_Panels/PlayScene_Type_1.prefab using Guid(c0bfe9c8fdd2d420a80f2f135bc22376) Importer(815301076,1909f56bfc062723c751e8b465ee728b)  -> (artifact id: '3ff4f901f4048e7ee319233db89bde80') in 0.019496 seconds 
========================================================================
Received Import Request.
  Time since last request: 0.000024 seconds.
  path: Assets/GUI PRO Kit - Fantasy RPG/Prefabs/Prefabs_DemoScene_Panels/Panel_Ranking.prefab
  artifactKey: Guid(f64d07eabea5e42be992067f7268056b) Importer(815301076,1909f56bfc062723c751e8b465ee728b)
Start importing Assets/GUI PRO Kit - Fantasy RPG/Prefabs/Prefabs_DemoScene_Panels/Panel_Ranking.prefab using Guid(f64d07eabea5e42be992067f7268056b) Importer(815301076,1909f56bfc062723c751e8b465ee728b)  -> (artifact id: '5a9fbe3967601aeaaeeb95302f07c773') in 0.021818 seconds 
========================================================================
Received Import Request.
  Time since last request: 0.000017 seconds.
  path: Assets/GUI PRO Kit - Fantasy RPG/Prefabs/Prefabs_DemoScene_Panels/Popup_Equipment_ItemDetail2.prefab
  artifactKey: Guid(42a37ab7f4cd649ffb8278908ea097a3) Importer(815301076,1909f56bfc062723c751e8b465ee728b)
Start importing Assets/GUI PRO Kit - Fantasy RPG/Prefabs/Prefabs_DemoScene_Panels/Popup_Equipment_ItemDetail2.prefab using Guid(42a37ab7f4cd649ffb8278908ea097a3) Importer(815301076,1909f56bfc062723c751e8b465ee728b)  -> (artifact id: '40bea3398cf197a74990b90ff88595c9') in 0.016614 seconds 
========================================================================
Received Import Request.
  Time since last request: 0.000024 seconds.
  path: Assets/GUI PRO Kit - Fantasy RPG/Prefabs/Prefabs_DemoScene_Panels/HomeScene_Popup_Checking.prefab
  artifactKey: Guid(b01294d6015e341fe816d51ea592fcdc) Importer(815301076,1909f56bfc062723c751e8b465ee728b)
Start importing Assets/GUI PRO Kit - Fantasy RPG/Prefabs/Prefabs_DemoScene_Panels/HomeScene_Popup_Checking.prefab using Guid(b01294d6015e341fe816d51ea592fcdc) Importer(815301076,1909f56bfc062723c751e8b465ee728b)  -> (artifact id: '3dbf44c394f62e32ce3deab20518d0c8') in 0.011415 seconds 
========================================================================
Received Import Request.
  Time since last request: 0.000059 seconds.
  path: Assets/GUI PRO Kit - Fantasy RPG/Prefabs/Prefabs_DemoScene_Panels/LevelUp.prefab
  artifactKey: Guid(0593b0dd0c5b74e868cb11047bfe9aef) Importer(815301076,1909f56bfc062723c751e8b465ee728b)
Start importing Assets/GUI PRO Kit - Fantasy RPG/Prefabs/Prefabs_DemoScene_Panels/LevelUp.prefab using Guid(0593b0dd0c5b74e868cb11047bfe9aef) Importer(815301076,1909f56bfc062723c751e8b465ee728b)  -> (artifact id: '372bfa3545b81f89b7f9a5181023c6d4') in 0.054049 seconds 
========================================================================
Received Import Request.
  Time since last request: 0.000022 seconds.
  path: Assets/GUI PRO Kit - Fantasy RPG/Prefabs/Prefabs_DemoScene_Panels/PowerSave.prefab
  artifactKey: Guid(c71046537ecfe44dab597cdbce295276) Importer(815301076,1909f56bfc062723c751e8b465ee728b)
Start importing Assets/GUI PRO Kit - Fantasy RPG/Prefabs/Prefabs_DemoScene_Panels/PowerSave.prefab using Guid(c71046537ecfe44dab597cdbce295276) Importer(815301076,1909f56bfc062723c751e8b465ee728b)  -> (artifact id: '60d6b71dee4217af0205fcd007ae14f0') in 0.034571 seconds 
========================================================================
Received Import Request.
  Time since last request: 0.000017 seconds.
  path: Assets/GUI PRO Kit - Fantasy RPG/Prefabs/Prefabs_DemoScene_Panels/HomeScene_Popup_Message.prefab
  artifactKey: Guid(2f3a156228e244db496f39bd7fa30f51) Importer(815301076,1909f56bfc062723c751e8b465ee728b)
Start importing Assets/GUI PRO Kit - Fantasy RPG/Prefabs/Prefabs_DemoScene_Panels/HomeScene_Popup_Message.prefab using Guid(2f3a156228e244db496f39bd7fa30f51) Importer(815301076,1909f56bfc062723c751e8b465ee728b)  -> (artifact id: '30004c138a4f943e4f7863b4cf23588f') in 0.025484 seconds 
========================================================================
Received Import Request.
  Time since last request: 0.000025 seconds.
  path: Assets/GUI PRO Kit - Fantasy RPG/Prefabs/Prefabs_DemoScene_Panels/HomeScene_Popup_Signup.prefab
  artifactKey: Guid(8f4bc29f986ad4d87823959075a1c24e) Importer(815301076,1909f56bfc062723c751e8b465ee728b)
Start importing Assets/GUI PRO Kit - Fantasy RPG/Prefabs/Prefabs_DemoScene_Panels/HomeScene_Popup_Signup.prefab using Guid(8f4bc29f986ad4d87823959075a1c24e) Importer(815301076,1909f56bfc062723c751e8b465ee728b)  -> (artifact id: 'abd7d2921061ab24a1cf24ddd3b240c6') in 0.019527 seconds 
========================================================================
Received Import Request.
  Time since last request: 39.445653 seconds.
  path: Assets/GUI PRO Kit - Fantasy RPG/Prefabs/Prefabs_DemoScene_Paticle/Fx_Glow_05.prefab
  artifactKey: Guid(32e66ee402f7f4308a3e72264aaf732c) Importer(815301076,1909f56bfc062723c751e8b465ee728b)
Start importing Assets/GUI PRO Kit - Fantasy RPG/Prefabs/Prefabs_DemoScene_Paticle/Fx_Glow_05.prefab using Guid(32e66ee402f7f4308a3e72264aaf732c) Importer(815301076,1909f56bfc062723c751e8b465ee728b)  -> (artifact id: '42902dce881ff1c8d3c95d106db91706') in 0.022756 seconds 
========================================================================
Received Import Request.
  Time since last request: 0.000018 seconds.
  path: Assets/GUI PRO Kit - Fantasy RPG/Prefabs/Prefabs_DemoScene_Paticle/Fx_Shine_Gem_01.prefab
  artifactKey: Guid(986ab369c729b4c8cb35ce78687e0538) Importer(815301076,1909f56bfc062723c751e8b465ee728b)
Start importing Assets/GUI PRO Kit - Fantasy RPG/Prefabs/Prefabs_DemoScene_Paticle/Fx_Shine_Gem_01.prefab using Guid(986ab369c729b4c8cb35ce78687e0538) Importer(815301076,1909f56bfc062723c751e8b465ee728b)  -> (artifact id: 'c9b02077af2989fce835a7865057678d') in 0.016759 seconds 
========================================================================
Received Import Request.
  Time since last request: 0.000018 seconds.
  path: Assets/GUI PRO Kit - Fantasy RPG/Prefabs/Prefabs_DemoScene_Paticle/Fx_Shine_Gold_06.prefab
  artifactKey: Guid(ed198deb9a77e4f69befba81b7e35a2e) Importer(815301076,1909f56bfc062723c751e8b465ee728b)
Start importing Assets/GUI PRO Kit - Fantasy RPG/Prefabs/Prefabs_DemoScene_Paticle/Fx_Shine_Gold_06.prefab using Guid(ed198deb9a77e4f69befba81b7e35a2e) Importer(815301076,1909f56bfc062723c751e8b465ee728b)  -> (artifact id: 'd0664254b661d5c0cb50523e3c783dab') in 0.030092 seconds 
========================================================================
Received Import Request.
  Time since last request: 0.000018 seconds.
  path: Assets/GUI PRO Kit - Fantasy RPG/Prefabs/Prefabs_DemoScene_Paticle/Fx_Star_02.prefab
  artifactKey: Guid(212bc2b7e7b17404484eb4c7d729bea1) Importer(815301076,1909f56bfc062723c751e8b465ee728b)
Start importing Assets/GUI PRO Kit - Fantasy RPG/Prefabs/Prefabs_DemoScene_Paticle/Fx_Star_02.prefab using Guid(212bc2b7e7b17404484eb4c7d729bea1) Importer(815301076,1909f56bfc062723c751e8b465ee728b)  -> (artifact id: 'b31499784a66fbde6548fd538258565c') in 0.015970 seconds 
========================================================================
Received Import Request.
  Time since last request: 0.000019 seconds.
  path: Assets/GUI PRO Kit - Fantasy RPG/Prefabs/Prefabs_DemoScene_Paticle/Particle_Tonado.prefab
  artifactKey: Guid(0f04d9f3ca6214ae8929a94413c19b5c) Importer(815301076,1909f56bfc062723c751e8b465ee728b)
Start importing Assets/GUI PRO Kit - Fantasy RPG/Prefabs/Prefabs_DemoScene_Paticle/Particle_Tonado.prefab using Guid(0f04d9f3ca6214ae8929a94413c19b5c) Importer(815301076,1909f56bfc062723c751e8b465ee728b)  -> (artifact id: '95d45d0a9ff191a5bb709cf8f7cfd4c1') in 0.015664 seconds 
========================================================================
Received Import Request.
  Time since last request: 0.000020 seconds.
  path: Assets/GUI PRO Kit - Fantasy RPG/Prefabs/Prefabs_DemoScene_Paticle/Fx_Star_05.prefab
  artifactKey: Guid(9a5f34e88ab2047439061b8f3344ad3b) Importer(815301076,1909f56bfc062723c751e8b465ee728b)
Start importing Assets/GUI PRO Kit - Fantasy RPG/Prefabs/Prefabs_DemoScene_Paticle/Fx_Star_05.prefab using Guid(9a5f34e88ab2047439061b8f3344ad3b) Importer(815301076,1909f56bfc062723c751e8b465ee728b)  -> (artifact id: '9981b1cf5bc965fd76c1bed85eb38f65') in 0.015025 seconds 
========================================================================
Received Import Request.
  Time since last request: 0.000018 seconds.
  path: Assets/GUI PRO Kit - Fantasy RPG/Prefabs/Prefabs_DemoScene_Paticle/Fx_Star_03.prefab
  artifactKey: Guid(728956b314b2645d19dbc9f8cf983365) Importer(815301076,1909f56bfc062723c751e8b465ee728b)
Start importing Assets/GUI PRO Kit - Fantasy RPG/Prefabs/Prefabs_DemoScene_Paticle/Fx_Star_03.prefab using Guid(728956b314b2645d19dbc9f8cf983365) Importer(815301076,1909f56bfc062723c751e8b465ee728b)  -> (artifact id: '063408b4c2e84e50d9dbce640ab27265') in 0.017870 seconds 
========================================================================
Received Import Request.
  Time since last request: 0.000030 seconds.
  path: Assets/GUI PRO Kit - Fantasy RPG/Prefabs/Prefabs_DemoScene_Paticle/Particle_SunLight.prefab
  artifactKey: Guid(4487b98bf3f554f0a90f145664c87795) Importer(815301076,1909f56bfc062723c751e8b465ee728b)
Start importing Assets/GUI PRO Kit - Fantasy RPG/Prefabs/Prefabs_DemoScene_Paticle/Particle_SunLight.prefab using Guid(4487b98bf3f554f0a90f145664c87795) Importer(815301076,1909f56bfc062723c751e8b465ee728b)  -> (artifact id: '20faed74bc39cb1a8f15d50c3e38605f') in 0.017344 seconds 
========================================================================
Received Import Request.
  Time since last request: 0.000023 seconds.
  path: Assets/GUI PRO Kit - Fantasy RPG/Prefabs/Prefabs_DemoScene_Paticle/Fx_Shine_Gold_04.prefab
  artifactKey: Guid(d75e6e95354d44e17b235680822f4886) Importer(815301076,1909f56bfc062723c751e8b465ee728b)
Start importing Assets/GUI PRO Kit - Fantasy RPG/Prefabs/Prefabs_DemoScene_Paticle/Fx_Shine_Gold_04.prefab using Guid(d75e6e95354d44e17b235680822f4886) Importer(815301076,1909f56bfc062723c751e8b465ee728b)  -> (artifact id: 'd20b8c91cf602442de96bb8c411d8326') in 0.020299 seconds 
