Using pre-set license
Built from '2021.3/staging' branch; Version is '2021.3.11f1 (0a5ca18544bf) revision 679073'; Using compiler version '192829333'; Build Type 'Release'
OS: 'Windows 11  (10.0.22000) 64bit Core' Language: 'en' Physical Memory: 16129 MB
BatchMode: 1, IsHumanControllingUs: 0, StartBugReporterOnCrash: 0, Is64bit: 1, IsPro: 1

COMMAND LINE ARGUMENTS:
C:\Program Files\Unity\Hub\Editor\2021.3.11f1\Editor\Unity.exe
-adb2
-batchMode
-noUpm
-name
AssetImportWorker0
-projectPath
C:/Users/orfre/OneDrive/Documents/GitHub/GGJ23-Magnivim/Shampo
-logFile
Logs/AssetImportWorker0.log
-srvPort
64239
Successfully changed project path to: C:/Users/orfre/OneDrive/Documents/GitHub/GGJ23-Magnivim/Shampo
C:/Users/orfre/OneDrive/Documents/GitHub/GGJ23-Magnivim/Shampo
[UnityMemory] Configuration Parameters - Can be set up in boot.config
    "memorysetup-bucket-allocator-granularity=16"
    "memorysetup-bucket-allocator-bucket-count=8"
    "memorysetup-bucket-allocator-block-size=33554432"
    "memorysetup-bucket-allocator-block-count=8"
    "memorysetup-main-allocator-block-size=16777216"
    "memorysetup-thread-allocator-block-size=16777216"
    "memorysetup-gfx-main-allocator-block-size=16777216"
    "memorysetup-gfx-thread-allocator-block-size=16777216"
    "memorysetup-cache-allocator-block-size=4194304"
    "memorysetup-typetree-allocator-block-size=2097152"
    "memorysetup-profiler-bucket-allocator-granularity=16"
    "memorysetup-profiler-bucket-allocator-bucket-count=8"
    "memorysetup-profiler-bucket-allocator-block-size=33554432"
    "memorysetup-profiler-bucket-allocator-block-count=8"
    "memorysetup-profiler-allocator-block-size=16777216"
    "memorysetup-profiler-editor-allocator-block-size=1048576"
    "memorysetup-temp-allocator-size-main=16777216"
    "memorysetup-job-temp-allocator-block-size=2097152"
    "memorysetup-job-temp-allocator-block-size-background=1048576"
    "memorysetup-job-temp-allocator-reduction-small-platforms=262144"
    "memorysetup-temp-allocator-size-background-worker=32768"
    "memorysetup-temp-allocator-size-job-worker=262144"
    "memorysetup-temp-allocator-size-preload-manager=33554432"
    "memorysetup-temp-allocator-size-nav-mesh-worker=65536"
    "memorysetup-temp-allocator-size-audio-worker=65536"
    "memorysetup-temp-allocator-size-cloud-worker=32768"
    "memorysetup-temp-allocator-size-gi-baking-worker=262144"
    "memorysetup-temp-allocator-size-gfx=262144"
Refreshing native plugins compatible for Editor in 97.84 ms, found 4 plugins.
Preloading 0 native plugins for Editor in 0.00 ms.
Initialize engine version: 2021.3.11f1 (0a5ca18544bf)
[Subsystems] Discovering subsystems at path C:/Program Files/Unity/Hub/Editor/2021.3.11f1/Editor/Data/Resources/UnitySubsystems
[Subsystems] Discovering subsystems at path C:/Users/orfre/OneDrive/Documents/GitHub/GGJ23-Magnivim/Shampo/Assets
GfxDevice: creating device client; threaded=0; jobified=0
Direct3D:
    Version:  Direct3D 11.0 [level 11.1]
    Renderer: NVIDIA GeForce RTX 3050 Ti Laptop GPU (ID=0x25a0)
    Vendor:   NVIDIA
    VRAM:     3990 MB
    Driver:   30.0.15.1278
Initialize mono
Mono path[0] = 'C:/Program Files/Unity/Hub/Editor/2021.3.11f1/Editor/Data/Managed'
Mono path[1] = 'C:/Program Files/Unity/Hub/Editor/2021.3.11f1/Editor/Data/MonoBleedingEdge/lib/mono/unityjit-win32'
Mono config path = 'C:/Program Files/Unity/Hub/Editor/2021.3.11f1/Editor/Data/MonoBleedingEdge/etc'
Using monoOptions --debugger-agent=transport=dt_socket,embedding=1,server=y,suspend=n,address=127.0.0.1:56476
Begin MonoManager ReloadAssembly
Registering precompiled unity dll's ...
Register platform support module: C:/Program Files/Unity/Hub/Editor/2021.3.11f1/Editor/Data/PlaybackEngines/WindowsStandaloneSupport/UnityEditor.WindowsStandalone.Extensions.dll
Registered in 0.003256 seconds.
Native extension for WindowsStandalone target not found
Refreshing native plugins compatible for Editor in 84.53 ms, found 4 plugins.
Preloading 0 native plugins for Editor in 0.00 ms.
Mono: successfully reloaded assembly
- Completed reload, in  0.657 seconds
Domain Reload Profiling:
	ReloadAssembly (658ms)
		BeginReloadAssembly (68ms)
			ExecutionOrderSort (0ms)
			DisableScriptedObjects (0ms)
			BackupInstance (0ms)
			ReleaseScriptingObjects (0ms)
			CreateAndSetChildDomain (1ms)
		EndReloadAssembly (495ms)
			LoadAssemblies (67ms)
			RebuildTransferFunctionScriptingTraits (0ms)
			SetupTypeCache (135ms)
			ReleaseScriptCaches (0ms)
			RebuildScriptCaches (24ms)
			SetupLoadedEditorAssemblies (285ms)
				LogAssemblyErrors (0ms)
				InitializePlatformSupportModulesInManaged (5ms)
				SetLoadedEditorAssemblies (0ms)
				RefreshPlugins (85ms)
				BeforeProcessingInitializeOnLoad (1ms)
				ProcessInitializeOnLoadAttributes (147ms)
				ProcessInitializeOnLoadMethodAttributes (46ms)
				AfterProcessingInitializeOnLoad (0ms)
				EditorAssembliesLoaded (0ms)
			ExecutionOrderSort2 (0ms)
			AwakeInstancesAfterBackupRestoration (0ms)
Platform modules already initialized, skipping
Registering precompiled user dll's ...
Registered in 0.005163 seconds.
Begin MonoManager ReloadAssembly
Symbol file LoadedFromMemory doesn't match image C:\Users\orfre\OneDrive\Documents\GitHub\GGJ23-Magnivim\Shampo\Library\PackageCache\com.unity.visualscripting@1.7.8\Editor\VisualScripting.Core\Dependencies\YamlDotNet\Unity.VisualScripting.YamlDotNet.dll
Symbol file LoadedFromMemory doesn't match image C:\Users\orfre\OneDrive\Documents\GitHub\GGJ23-Magnivim\Shampo\Library\PackageCache\com.unity.visualscripting@1.7.8\Editor\VisualScripting.Core\Dependencies\DotNetZip\Unity.VisualScripting.IonicZip.dll
Native extension for WindowsStandalone target not found
Refreshing native plugins compatible for Editor in 81.64 ms, found 4 plugins.
Preloading 0 native plugins for Editor in 0.00 ms.
Mono: successfully reloaded assembly
- Completed reload, in  1.021 seconds
Domain Reload Profiling:
	ReloadAssembly (1022ms)
		BeginReloadAssembly (100ms)
			ExecutionOrderSort (0ms)
			DisableScriptedObjects (7ms)
			BackupInstance (0ms)
			ReleaseScriptingObjects (0ms)
			CreateAndSetChildDomain (20ms)
		EndReloadAssembly (820ms)
			LoadAssemblies (73ms)
			RebuildTransferFunctionScriptingTraits (0ms)
			SetupTypeCache (212ms)
			ReleaseScriptCaches (1ms)
			RebuildScriptCaches (53ms)
			SetupLoadedEditorAssemblies (436ms)
				LogAssemblyErrors (0ms)
				InitializePlatformSupportModulesInManaged (3ms)
				SetLoadedEditorAssemblies (0ms)
				RefreshPlugins (82ms)
				BeforeProcessingInitializeOnLoad (85ms)
				ProcessInitializeOnLoadAttributes (221ms)
				ProcessInitializeOnLoadMethodAttributes (41ms)
				AfterProcessingInitializeOnLoad (4ms)
				EditorAssembliesLoaded (0ms)
			ExecutionOrderSort2 (0ms)
			AwakeInstancesAfterBackupRestoration (7ms)
Platform modules already initialized, skipping
========================================================================
Worker process is ready to serve import requests
Launched and connected shader compiler UnityShaderCompiler.exe after 0.03 seconds
Refreshing native plugins compatible for Editor in 0.66 ms, found 4 plugins.
Preloading 0 native plugins for Editor in 0.00 ms.
Unloading 4123 Unused Serialized files (Serialized files now loaded: 0)
Unloading 37 unused Assets / (30.2 KB). Loaded Objects now: 4610.
Memory consumption went from 247.5 MB to 247.5 MB.
Total: 2.739300 ms (FindLiveObjects: 0.284400 ms CreateObjectMapping: 0.119000 ms MarkObjects: 2.303300 ms  DeleteObjects: 0.031700 ms)

AssetImportParameters requested are different than current active one (requested -> active):
  custom:video-decoder-ogg-theora: a1e56fd34408186e4bbccfd4996cb3dc -> 
  custom:container-muxer-webm: aa71ff27fc2769a1b78a27578f13a17b -> 
  custom:container-demuxer-webm: 4f35f7cbe854078d1ac9338744f61a02 -> 
  custom:video-encoder-webm-vp8: eb34c28f22e8b96e1ab97ce403110664 -> 
  custom:video-codec-MediaFoundation-h265: 746d11721c4dcdbdad8f713fa42b33f4 -> 
  custom:audio-encoder-webm-vorbis: bf7c407c2cedff20999df2af8eb42d56 -> 
  custom:framework-win-MediaFoundation: 216162199b28c13a410421893ffa2e32 -> 
  custom:container-demuxer-ogg: 62fdf1f143b41e24485cea50d1cbac27 -> 
  custom:video-decoder-webm-vp8: 9c59270c3fd7afecdb556c50c9e8de78 -> 
  custom:audio-decoder-ogg-vorbis: bf7c407c2cedff20999df2af8eb42d56 -> 
========================================================================
Received Import Request.
  Time since last request: 381873.602028 seconds.
  path: Assets/Scenes/Level 1.unity
  artifactKey: Guid(082e1419c19119e4ba65bdbedb29c24b) Importer(815301076,1909f56bfc062723c751e8b465ee728b)
Start importing Assets/Scenes/Level 1.unity using Guid(082e1419c19119e4ba65bdbedb29c24b) Importer(815301076,1909f56bfc062723c751e8b465ee728b)  -> (artifact id: '2698584f69b1bbbd6af5c0ba7b45ec79') in 0.010514 seconds 
========================================================================
Received Import Request.
  Time since last request: 214.803508 seconds.
  path: Assets/TextMesh Pro/Examples & Extras/Resources/Fonts & Materials/Bangers SDF.asset
  artifactKey: Guid(125cb55b44b24c4393181402bc6200e6) Importer(815301076,1909f56bfc062723c751e8b465ee728b)
Start importing Assets/TextMesh Pro/Examples & Extras/Resources/Fonts & Materials/Bangers SDF.asset using Guid(125cb55b44b24c4393181402bc6200e6) Importer(815301076,1909f56bfc062723c751e8b465ee728b)  -> (artifact id: 'af1c58e468305aa906253a264080703a') in 0.152590 seconds 
========================================================================
Received Import Request.
  Time since last request: 2574.430790 seconds.
  path: Assets/Animation/ScaleDown.anim
  artifactKey: Guid(8bb09fd0bb78539489275e383cf472d5) Importer(815301076,1909f56bfc062723c751e8b465ee728b)
Start importing Assets/Animation/ScaleDown.anim using Guid(8bb09fd0bb78539489275e383cf472d5) Importer(815301076,1909f56bfc062723c751e8b465ee728b)  -> (artifact id: 'be66842d279dcaa96bfba8818a9cbab5') in 0.010527 seconds 
========================================================================
Received Import Request.
  Time since last request: 13.574816 seconds.
  path: Assets/Animation/Buttons.controller
  artifactKey: Guid(4ca8f68febdd4634f8fa496d8b17dd4f) Importer(815301076,1909f56bfc062723c751e8b465ee728b)
Start importing Assets/Animation/Buttons.controller using Guid(4ca8f68febdd4634f8fa496d8b17dd4f) Importer(815301076,1909f56bfc062723c751e8b465ee728b)  -> (artifact id: 'bee7e362d3e70556b6b27b8ecb61f7f5') in 0.009049 seconds 
========================================================================
Received Import Request.
  Time since last request: 3.943941 seconds.
  path: Assets/Materials/AcidMaterial.mat
  artifactKey: Guid(38c79e31f7275be4a8765117f1485c2d) Importer(815301076,1909f56bfc062723c751e8b465ee728b)
Start importing Assets/Materials/AcidMaterial.mat using Guid(38c79e31f7275be4a8765117f1485c2d) Importer(815301076,1909f56bfc062723c751e8b465ee728b)  -> (artifact id: 'ce293954aaeaa5e8c12bfd4e2b95e3a3') in 0.030454 seconds 
========================================================================
Received Import Request.
  Time since last request: 66.697944 seconds.
  path: Assets/Prefabs/Particales1
  artifactKey: Guid(3cca12bf19bab234bb1ff311ece36bae) Importer(815301076,1909f56bfc062723c751e8b465ee728b)
Start importing Assets/Prefabs/Particales1 using Guid(3cca12bf19bab234bb1ff311ece36bae) Importer(815301076,1909f56bfc062723c751e8b465ee728b)  -> (artifact id: '0aeb9c4abbc08c754af95bd4b85ec10a') in 0.002432 seconds 
========================================================================
Received Import Request.
  Time since last request: 0.052580 seconds.
  path: Assets/Prefabs/Particales1/AcidParticle.prefab
  artifactKey: Guid(e054cb716612f5343b493403cf88f5cc) Importer(815301076,1909f56bfc062723c751e8b465ee728b)
Start importing Assets/Prefabs/Particales1/AcidParticle.prefab using Guid(e054cb716612f5343b493403cf88f5cc) Importer(815301076,1909f56bfc062723c751e8b465ee728b)  -> (artifact id: 'c7b3f6bd3cfa08c3bd019cfdc36a52a7') in 0.023392 seconds 
========================================================================
Received Import Request.
  Time since last request: 4.130234 seconds.
  path: Assets/Prefabs/Particales1/Lice Particle.prefab
  artifactKey: Guid(82f63953b554c2941b5e3f2f3cbb597e) Importer(815301076,1909f56bfc062723c751e8b465ee728b)
Start importing Assets/Prefabs/Particales1/Lice Particle.prefab using Guid(82f63953b554c2941b5e3f2f3cbb597e) Importer(815301076,1909f56bfc062723c751e8b465ee728b)  -> (artifact id: '4c38eebabf70dcdf562e1268f576433d') in 0.015130 seconds 
